<?xml version="1.0" encoding="UTF-8"?>
<!-- Generated by org.testng.reporters.JUnitXMLReporter -->
<testsuite ignored="1" hostname="LAPTOP-PESQSHPG" failures="0" tests="1" name="Default test(failed)" time="44.733" errors="0" timestamp="2025-06-02T16:12:28 IST">
  <testcase classname="VtigerAllModule_Script.CreateProductTest" name="createProductTest" time="8.255"/>
  <testcase classname="VtigerAllModule_Script.CreateProductTest" name="createProductWithSalesStartDate" time="0.0">
    <ignored/>
  </testcase> <!-- createProductWithSalesStartDate -->
</testsuite> <!-- Default test(failed) -->
