<?xml version="1.0" encoding="UTF-8"?>
<!-- Generated by org.testng.reporters.JUnitXMLReporter -->
<testsuite ignored="0" hostname="LAPTOP-PESQSHPG" failures="0" tests="4" name="Default test" time="0.564" errors="0" timestamp="2025-06-11T23:13:08 IST">
  <testcase classname="VtigerAllModule_Script.LearnDataProvider" name="TakingData" time="0.008"/>
  <testcase classname="VtigerAllModule_Script.LearnDataProvider" name="TakingData" time="0.003"/>
  <testcase classname="VtigerAllModule_Script.LearnDataProvider" name="TakingData" time="0.001"/>
  <testcase classname="VtigerAllModule_Script.LearnDataProvider" name="TakingData" time="0.002"/>
</testsuite> <!-- Default test -->
