<?xml version="1.0" encoding="UTF-8"?>
<!-- Generated by org.testng.reporters.JUnitXMLReporter -->
<testsuite ignored="2" hostname="LAPTOP-PESQSHPG" failures="0" tests="5" name="SmokeTesting" time="101.357" errors="0" timestamp="2025-05-30T15:27:52 IST">
  <testcase classname="VtigerAllModule_Script.CreateContactTest" name="contactWithSupportDate" time="6.355"/>
  <testcase classname="VtigerAllModule_Script.CreateContactTest" name="createContact" time="4.193"/>
  <testcase classname="VtigerAllModule_Script.CreateContactTest" name="selectOrgInContact" time="10.032"/>
  <testcase classname="VtigerAllModule_Script.CreateOpportunities" name="createOpportunitiesWithContact" time="11.556"/>
  <testcase classname="VtigerAllModule_Script.CreateOpportunities" name="createOpportunitiesWithOrgName" time="7.825"/>
  <testcase classname="com.tekPyramid.crm.BaseClassTest.BaseClass" name="@AfterSuite CloseDBConnConfigAS" time="0.0">
    <ignored/>
  </testcase> <!-- @AfterSuite CloseDBConnConfigAS -->
  <testcase classname="com.tekPyramid.crm.BaseClassTest.BaseClass" name="@BeforeSuite DataBaseConnconfigBS" time="0.0">
    <ignored/>
  </testcase> <!-- @BeforeSuite DataBaseConnconfigBS -->
</testsuite> <!-- SmokeTesting -->
