<?xml version="1.0" encoding="UTF-8"?>
<!-- Generated by org.testng.reporters.JUnitXMLReporter -->
<testsuite ignored="6" hostname="LAPTOP-PESQSHPG" failures="0" tests="10" name="Suite" time="0.16" errors="0" timestamp="2025-05-30T15:41:18 IST">
  <testcase classname="VtigerAllModule_Script.CreateOrganizationTest" name="orgWithNumber" time="0.0">
    <skipped/>
  </testcase> <!-- orgWithNumber -->
  <testcase classname="VtigerAllModule_Script.CreateOrganizationTest" name="orgWith_IndustryAdType" time="0.0">
    <skipped/>
  </testcase> <!-- orgWith_IndustryAdType -->
  <testcase classname="VtigerAllModule_Script.CreateOrganizationTest" name="orgainzation" time="0.0">
    <skipped/>
  </testcase> <!-- orgainzation -->
  <testcase classname="VtigerAllModule_Script.CreateProductTest" name="createProductTest" time="0.0">
    <skipped/>
  </testcase> <!-- createProductTest -->
  <testcase classname="VtigerAllModule_Script.CreateProductTest" name="createProductWithSalesStartDate" time="0.0">
    <skipped/>
  </testcase> <!-- createProductWithSalesStartDate -->
  <testcase classname="VtigerAllModule_Script.CreateContactTest" name="contactWithSupportDate" time="0.0">
    <skipped/>
  </testcase> <!-- contactWithSupportDate -->
  <testcase classname="VtigerAllModule_Script.CreateContactTest" name="createContact" time="0.0">
    <skipped/>
  </testcase> <!-- createContact -->
  <testcase classname="VtigerAllModule_Script.CreateContactTest" name="selectOrgInContact" time="0.0">
    <skipped/>
  </testcase> <!-- selectOrgInContact -->
  <testcase classname="VtigerAllModule_Script.CreateOpportunities" name="createOpportunitiesWithContact" time="0.0">
    <skipped/>
  </testcase> <!-- createOpportunitiesWithContact -->
  <testcase classname="VtigerAllModule_Script.CreateOpportunities" name="createOpportunitiesWithOrgName" time="0.0">
    <skipped/>
  </testcase> <!-- createOpportunitiesWithOrgName -->
  <testcase classname="com.tekPyramid.crm.BaseClassTest.BaseClass" name="@AfterSuite CloseDBConnConfigAS" time="0.0">
    <ignored/>
  </testcase> <!-- @AfterSuite CloseDBConnConfigAS -->
  <testcase classname="com.tekPyramid.crm.BaseClassTest.BaseClass" name="@AfterSuite CloseDBConnConfigAS" time="0.0">
    <ignored/>
  </testcase> <!-- @AfterSuite CloseDBConnConfigAS -->
  <testcase classname="com.tekPyramid.crm.BaseClassTest.BaseClass" name="@AfterSuite CloseDBConnConfigAS" time="0.0">
    <ignored/>
  </testcase> <!-- @AfterSuite CloseDBConnConfigAS -->
  <testcase classname="com.tekPyramid.crm.BaseClassTest.BaseClass" name="@BeforeSuite DataBaseConnconfigBS" time="0.0">
    <ignored/>
  </testcase> <!-- @BeforeSuite DataBaseConnconfigBS -->
  <testcase classname="com.tekPyramid.crm.BaseClassTest.BaseClass" name="@BeforeSuite DataBaseConnconfigBS" time="0.0">
    <ignored/>
  </testcase> <!-- @BeforeSuite DataBaseConnconfigBS -->
  <testcase classname="com.tekPyramid.crm.BaseClassTest.BaseClass" name="@BeforeSuite DataBaseConnconfigBS" time="0.0">
    <ignored/>
  </testcase> <!-- @BeforeSuite DataBaseConnconfigBS -->
</testsuite> <!-- Suite -->
