<?xml version="1.0" encoding="UTF-8"?>
<!-- Generated by org.testng.reporters.JUnitXMLReporter -->
<testsuite ignored="2" hostname="LAPTOP-PESQSHPG" failures="0" tests="5" name="test1" time="39.75" errors="0" timestamp="2025-06-11T23:42:25 IST">
  <testcase classname="VtigerAllModule_Script.CreateOrganization_Test" name="orgWithNumber_Test" time="6.284"/>
  <testcase classname="VtigerAllModule_Script.CreateOrganization_Test" name="orgWith_IndustryAdType_Test" time="4.197"/>
  <testcase classname="VtigerAllModule_Script.CreateOrganization_Test" name="orgainzation_Test" time="4.023"/>
  <testcase classname="VtigerAllModule_Script.CreateProduct_Test" name="createProductWithSalesStartDate_Test" time="5.466"/>
  <testcase classname="VtigerAllModule_Script.CreateProduct_Test" name="createProduct_Test" time="4.896"/>
  <testcase classname="com.tekPyramid.crm.BaseClassTest.BaseClass" name="@AfterSuite CloseDBConnConfigAS" time="0.0">
    <ignored/>
  </testcase> <!-- @AfterSuite CloseDBConnConfigAS -->
  <testcase classname="com.tekPyramid.crm.BaseClassTest.BaseClass" name="@BeforeSuite DataBaseConnconfigBS" time="0.0">
    <ignored/>
  </testcase> <!-- @BeforeSuite DataBaseConnconfigBS -->
</testsuite> <!-- test1 -->
