<?xml version="1.0" encoding="UTF-8"?>
<!-- Generated by org.testng.reporters.JUnitXMLReporter -->
<testsuite ignored="6" hostname="LAPTOP-PESQSHPG" failures="0" tests="10" name="Test" time="111.92" errors="0" timestamp="2025-06-13T15:57:37 IST">
  <testcase classname="VtigerAllModule_Script.CreateContact_Test" name="contactWithSupportDate_Test" time="5.077"/>
  <testcase classname="VtigerAllModule_Script.CreateContact_Test" name="createContact_Test" time="4.135"/>
  <testcase classname="VtigerAllModule_Script.CreateContact_Test" name="selectOrgInContact_Test" time="10.035"/>
  <testcase classname="VtigerAllModule_Script.CreateOrganization_Test" name="orgWithNumber_Test" time="5.272"/>
  <testcase classname="VtigerAllModule_Script.CreateOrganization_Test" name="orgWith_IndustryAdType_Test" time="6.174"/>
  <testcase classname="VtigerAllModule_Script.CreateOrganization_Test" name="orgainzation_Test" time="4.901"/>
  <testcase classname="VtigerAllModule_Script.CreateProduct_Test" name="createProductWithSalesStartDate_Test" time="4.744"/>
  <testcase classname="VtigerAllModule_Script.CreateProduct_Test" name="createProduct_Test" time="4.635"/>
  <testcase classname="VtigerAllModule_Script.CreateOpportunities_Test" name="createOpportunitiesWithContact_Test" time="9.886"/>
  <testcase classname="VtigerAllModule_Script.CreateOpportunities_Test" name="createOpportunitiesWithOrgName_Test" time="9.142"/>
  <testcase classname="com.tekPyramid.crm.BaseClassTest.BaseClass" name="@AfterSuite CloseDBConnConfigAS" time="0.0">
    <ignored/>
  </testcase> <!-- @AfterSuite CloseDBConnConfigAS -->
  <testcase classname="com.tekPyramid.crm.BaseClassTest.BaseClass" name="@AfterSuite CloseDBConnConfigAS" time="0.0">
    <ignored/>
  </testcase> <!-- @AfterSuite CloseDBConnConfigAS -->
  <testcase classname="com.tekPyramid.crm.BaseClassTest.BaseClass" name="@AfterSuite CloseDBConnConfigAS" time="0.0">
    <ignored/>
  </testcase> <!-- @AfterSuite CloseDBConnConfigAS -->
  <testcase classname="com.tekPyramid.crm.BaseClassTest.BaseClass" name="@BeforeSuite DataBaseConnconfigBS" time="0.0">
    <ignored/>
  </testcase> <!-- @BeforeSuite DataBaseConnconfigBS -->
  <testcase classname="com.tekPyramid.crm.BaseClassTest.BaseClass" name="@BeforeSuite DataBaseConnconfigBS" time="0.0">
    <ignored/>
  </testcase> <!-- @BeforeSuite DataBaseConnconfigBS -->
  <testcase classname="com.tekPyramid.crm.BaseClassTest.BaseClass" name="@BeforeSuite DataBaseConnconfigBS" time="0.0">
    <ignored/>
  </testcase> <!-- @BeforeSuite DataBaseConnconfigBS -->
</testsuite> <!-- Test -->
