<?xml version="1.0" encoding="UTF-8"?>
<!-- Generated by org.testng.reporters.JUnitXMLReporter -->
<testsuite ignored="2" hostname="LAPTOP-PESQSHPG" failures="0" tests="6" name="Test_01" time="50.211" errors="0" timestamp="2025-06-11T23:59:05 IST">
  <testcase classname="VtigerAllModule_Script.CreateContact_Test" name="contactWithSupportDate_Test" time="4.52"/>
  <testcase classname="VtigerAllModule_Script.CreateContact_Test" name="createContact_Test" time="3.801"/>
  <testcase classname="VtigerAllModule_Script.CreateContact_Test" name="selectOrgInContact_Test" time="8.36"/>
  <testcase classname="VtigerAllModule_Script.CreateOrganization_Test" name="orgWithNumber_Test" time="5.813"/>
  <testcase classname="VtigerAllModule_Script.CreateOrganization_Test" name="orgWith_IndustryAdType_Test" time="4.354"/>
  <testcase classname="VtigerAllModule_Script.CreateOrganization_Test" name="orgainzation_Test" time="3.884"/>
  <testcase classname="com.tekPyramid.crm.BaseClassTest.BaseClass" name="@AfterSuite CloseDBConnConfigAS" time="0.0">
    <ignored/>
  </testcase> <!-- @AfterSuite CloseDBConnConfigAS -->
  <testcase classname="com.tekPyramid.crm.BaseClassTest.BaseClass" name="@BeforeSuite DataBaseConnconfigBS" time="0.0">
    <ignored/>
  </testcase> <!-- @BeforeSuite DataBaseConnconfigBS -->
</testsuite> <!-- Test_01 -->
