<?xml version="1.0" encoding="UTF-8"?>
<!-- Generated by org.testng.reporters.JUnitXMLReporter -->
<testsuite ignored="2" hostname="LAPTOP-PESQSHPG" failures="0" tests="0" name="Test_02" time="7.023" errors="0" timestamp="2025-06-11T23:58:22 IST">
  <testcase classname="com.tekPyramid.crm.BaseClassTest.BaseClass" name="@AfterSuite CloseDBConnConfigAS" time="0.0">
    <ignored/>
  </testcase> <!-- @AfterSuite CloseDBConnConfigAS -->
  <testcase classname="com.tekPyramid.crm.BaseClassTest.BaseClass" name="@BeforeSuite DataBaseConnconfigBS" time="0.0">
    <ignored/>
  </testcase> <!-- @BeforeSuite DataBaseConnconfigBS -->
</testsuite> <!-- Test_02 -->
