<?xml version="1.0" encoding="UTF-8"?>
<!-- Generated by org.testng.reporters.JUnitXMLReporter -->
<testsuite ignored="6" hostname="LAPTOP-PESQSHPG" failures="10" tests="15" name="Test" time="89.627" errors="0" timestamp="2025-06-13T15:41:31 IST">
  <testcase classname="VtigerAllModule_Script.CreateContact_Test" name="contactWithSupportDate_Test" time="0.023">
    <failure type="java.io.FileNotFoundException" message=".\TestData\TestCaseExample.xlsx (The system cannot find the path specified)">
      <![CDATA[java.io.FileNotFoundException: .\TestData\TestCaseExample.xlsx (The system cannot find the path specified)
at java.base/java.io.FileInputStream.open0(Native Method)
at java.base/java.io.FileInputStream.open(FileInputStream.java:213)
at java.base/java.io.FileInputStream.<init>(FileInputStream.java:152)
at java.base/java.io.FileInputStream.<init>(FileInputStream.java:106)
at com.tek.crm.genericUtility.ExcelUtility.getDataFromExcel(ExcelUtility.java:18)
at VtigerAllModule_Script.CreateContact_Test.contactWithSupportDate_Test(CreateContact_Test.java:93)
at java.base/java.util.ArrayList.forEach(ArrayList.java:1597)
... Removed 25 stack frames]]>
    </failure>
  </testcase> <!-- contactWithSupportDate_Test -->
  <testcase classname="VtigerAllModule_Script.CreateContact_Test" name="createContact_Test" time="0.001">
    <failure type="java.io.FileNotFoundException" message=".\TestData\TestCaseExample.xlsx (The system cannot find the path specified)">
      <![CDATA[java.io.FileNotFoundException: .\TestData\TestCaseExample.xlsx (The system cannot find the path specified)
at java.base/java.io.FileInputStream.open0(Native Method)
at java.base/java.io.FileInputStream.open(FileInputStream.java:213)
at java.base/java.io.FileInputStream.<init>(FileInputStream.java:152)
at java.base/java.io.FileInputStream.<init>(FileInputStream.java:106)
at com.tek.crm.genericUtility.ExcelUtility.getDataFromExcel(ExcelUtility.java:18)
at VtigerAllModule_Script.CreateContact_Test.createContact_Test(CreateContact_Test.java:27)
at java.base/java.util.ArrayList.forEach(ArrayList.java:1597)
... Removed 25 stack frames]]>
    </failure>
  </testcase> <!-- createContact_Test -->
  <testcase classname="VtigerAllModule_Script.CreateContact_Test" name="selectOrgInContact_Test" time="0.003">
    <failure type="java.io.FileNotFoundException" message=".\TestData\TestCaseExample.xlsx (The system cannot find the path specified)">
      <![CDATA[java.io.FileNotFoundException: .\TestData\TestCaseExample.xlsx (The system cannot find the path specified)
at java.base/java.io.FileInputStream.open0(Native Method)
at java.base/java.io.FileInputStream.open(FileInputStream.java:213)
at java.base/java.io.FileInputStream.<init>(FileInputStream.java:152)
at java.base/java.io.FileInputStream.<init>(FileInputStream.java:106)
at com.tek.crm.genericUtility.ExcelUtility.getDataFromExcel(ExcelUtility.java:18)
at VtigerAllModule_Script.CreateContact_Test.selectOrgInContact_Test(CreateContact_Test.java:50)
at java.base/java.util.ArrayList.forEach(ArrayList.java:1597)
... Removed 25 stack frames]]>
    </failure>
  </testcase> <!-- selectOrgInContact_Test -->
  <testcase classname="VtigerAllModule_Script.CreateOrganization_Test" name="orgWithNumber_Test" time="0.006">
    <failure type="java.io.FileNotFoundException" message=".\TestData\TestCaseExample.xlsx (The system cannot find the path specified)">
      <![CDATA[java.io.FileNotFoundException: .\TestData\TestCaseExample.xlsx (The system cannot find the path specified)
at java.base/java.io.FileInputStream.open0(Native Method)
at java.base/java.io.FileInputStream.open(FileInputStream.java:213)
at java.base/java.io.FileInputStream.<init>(FileInputStream.java:152)
at java.base/java.io.FileInputStream.<init>(FileInputStream.java:106)
at com.tek.crm.genericUtility.ExcelUtility.getDataFromExcel(ExcelUtility.java:18)
at VtigerAllModule_Script.CreateOrganization_Test.orgWithNumber_Test(CreateOrganization_Test.java:99)
at java.base/java.util.ArrayList.forEach(ArrayList.java:1597)
... Removed 25 stack frames]]>
    </failure>
  </testcase> <!-- orgWithNumber_Test -->
  <testcase classname="VtigerAllModule_Script.CreateOrganization_Test" name="orgWith_IndustryAdType_Test" time="0.004">
    <failure type="java.io.FileNotFoundException" message=".\TestData\TestCaseExample.xlsx (The system cannot find the path specified)">
      <![CDATA[java.io.FileNotFoundException: .\TestData\TestCaseExample.xlsx (The system cannot find the path specified)
at java.base/java.io.FileInputStream.open0(Native Method)
at java.base/java.io.FileInputStream.open(FileInputStream.java:213)
at java.base/java.io.FileInputStream.<init>(FileInputStream.java:152)
at java.base/java.io.FileInputStream.<init>(FileInputStream.java:106)
at com.tek.crm.genericUtility.ExcelUtility.getDataFromExcel(ExcelUtility.java:18)
at VtigerAllModule_Script.CreateOrganization_Test.orgWith_IndustryAdType_Test(CreateOrganization_Test.java:50)
at java.base/java.util.ArrayList.forEach(ArrayList.java:1597)
... Removed 25 stack frames]]>
    </failure>
  </testcase> <!-- orgWith_IndustryAdType_Test -->
  <testcase classname="VtigerAllModule_Script.CreateOrganization_Test" name="orgainzation_Test" time="0.0">
    <failure type="java.io.FileNotFoundException" message=".\TestData\TestCaseExample.xlsx (The system cannot find the path specified)">
      <![CDATA[java.io.FileNotFoundException: .\TestData\TestCaseExample.xlsx (The system cannot find the path specified)
at java.base/java.io.FileInputStream.open0(Native Method)
at java.base/java.io.FileInputStream.open(FileInputStream.java:213)
at java.base/java.io.FileInputStream.<init>(FileInputStream.java:152)
at java.base/java.io.FileInputStream.<init>(FileInputStream.java:106)
at com.tek.crm.genericUtility.ExcelUtility.getDataFromExcel(ExcelUtility.java:18)
at VtigerAllModule_Script.CreateOrganization_Test.orgainzation_Test(CreateOrganization_Test.java:24)
at java.base/java.util.ArrayList.forEach(ArrayList.java:1597)
... Removed 25 stack frames]]>
    </failure>
  </testcase> <!-- orgainzation_Test -->
  <testcase classname="VtigerAllModule_Script.CreateProduct_Test" name="createProductWithSalesStartDate_Test" time="2.952">
    <failure type="java.io.FileNotFoundException" message=".\TestData\TestCaseExample.xlsx (The system cannot find the path specified)">
      <![CDATA[java.io.FileNotFoundException: .\TestData\TestCaseExample.xlsx (The system cannot find the path specified)
at java.base/java.io.FileInputStream.open0(Native Method)
at java.base/java.io.FileInputStream.open(FileInputStream.java:213)
at java.base/java.io.FileInputStream.<init>(FileInputStream.java:152)
at java.base/java.io.FileInputStream.<init>(FileInputStream.java:106)
at com.tek.crm.genericUtility.ExcelUtility.getDataFromExcel(ExcelUtility.java:18)
at VtigerAllModule_Script.CreateProduct_Test.createProductWithSalesStartDate_Test(CreateProduct_Test.java:47)
at java.base/java.util.ArrayList.forEach(ArrayList.java:1597)
... Removed 25 stack frames]]>
    </failure>
  </testcase> <!-- createProductWithSalesStartDate_Test -->
  <testcase classname="VtigerAllModule_Script.CreateProduct_Test" name="createProduct_Test" time="2.663">
    <skipped/>
  </testcase> <!-- createProduct_Test -->
  <testcase classname="VtigerAllModule_Script.CreateProduct_Test" name="createProduct_Test" time="2.768">
    <skipped/>
  </testcase> <!-- createProduct_Test -->
  <testcase classname="VtigerAllModule_Script.CreateProduct_Test" name="createProduct_Test" time="2.88">
    <skipped/>
  </testcase> <!-- createProduct_Test -->
  <testcase classname="VtigerAllModule_Script.CreateProduct_Test" name="createProduct_Test" time="2.872">
    <skipped/>
  </testcase> <!-- createProduct_Test -->
  <testcase classname="VtigerAllModule_Script.CreateProduct_Test" name="createProduct_Test" time="2.785">
    <skipped/>
  </testcase> <!-- createProduct_Test -->
  <testcase classname="VtigerAllModule_Script.CreateProduct_Test" name="createProduct_Test" time="2.773">
    <failure type="java.io.FileNotFoundException" message=".\TestData\TestCaseExample.xlsx (The system cannot find the path specified)">
      <![CDATA[java.io.FileNotFoundException: .\TestData\TestCaseExample.xlsx (The system cannot find the path specified)
at java.base/java.io.FileInputStream.open0(Native Method)
at java.base/java.io.FileInputStream.open(FileInputStream.java:213)
at java.base/java.io.FileInputStream.<init>(FileInputStream.java:152)
at java.base/java.io.FileInputStream.<init>(FileInputStream.java:106)
at com.tek.crm.genericUtility.ExcelUtility.getDataFromExcel(ExcelUtility.java:18)
at VtigerAllModule_Script.CreateProduct_Test.createProduct_Test(CreateProduct_Test.java:25)
at java.base/java.util.ArrayList.forEach(ArrayList.java:1597)
... Removed 25 stack frames]]>
    </failure>
  </testcase> <!-- createProduct_Test -->
  <testcase classname="VtigerAllModule_Script.CreateOpportunities_Test" name="createOpportunitiesWithContact_Test" time="3.059">
    <failure type="java.io.FileNotFoundException" message=".\TestData\TestCaseExample.xlsx (The system cannot find the path specified)">
      <![CDATA[java.io.FileNotFoundException: .\TestData\TestCaseExample.xlsx (The system cannot find the path specified)
at java.base/java.io.FileInputStream.open0(Native Method)
at java.base/java.io.FileInputStream.open(FileInputStream.java:213)
at java.base/java.io.FileInputStream.<init>(FileInputStream.java:152)
at java.base/java.io.FileInputStream.<init>(FileInputStream.java:106)
at com.tek.crm.genericUtility.ExcelUtility.getDataFromExcel(ExcelUtility.java:18)
at VtigerAllModule_Script.CreateOpportunities_Test.createOpportunitiesWithContact_Test(CreateOpportunities_Test.java:29)
at java.base/java.util.ArrayList.forEach(ArrayList.java:1597)
... Removed 25 stack frames]]>
    </failure>
  </testcase> <!-- createOpportunitiesWithContact_Test -->
  <testcase classname="VtigerAllModule_Script.CreateOpportunities_Test" name="createOpportunitiesWithOrgName_Test" time="2.629">
    <failure type="java.io.FileNotFoundException" message=".\TestData\TestCaseExample.xlsx (The system cannot find the path specified)">
      <![CDATA[java.io.FileNotFoundException: .\TestData\TestCaseExample.xlsx (The system cannot find the path specified)
at java.base/java.io.FileInputStream.open0(Native Method)
at java.base/java.io.FileInputStream.open(FileInputStream.java:213)
at java.base/java.io.FileInputStream.<init>(FileInputStream.java:152)
at java.base/java.io.FileInputStream.<init>(FileInputStream.java:106)
at com.tek.crm.genericUtility.ExcelUtility.getDataFromExcel(ExcelUtility.java:18)
at VtigerAllModule_Script.CreateOpportunities_Test.createOpportunitiesWithOrgName_Test(CreateOpportunities_Test.java:70)
at java.base/java.util.ArrayList.forEach(ArrayList.java:1597)
... Removed 25 stack frames]]>
    </failure>
  </testcase> <!-- createOpportunitiesWithOrgName_Test -->
  <testcase classname="com.tekPyramid.crm.BaseClassTest.BaseClass" name="@AfterSuite CloseDBConnConfigAS" time="0.0">
    <ignored/>
  </testcase> <!-- @AfterSuite CloseDBConnConfigAS -->
  <testcase classname="com.tekPyramid.crm.BaseClassTest.BaseClass" name="@AfterSuite CloseDBConnConfigAS" time="0.0">
    <ignored/>
  </testcase> <!-- @AfterSuite CloseDBConnConfigAS -->
  <testcase classname="com.tekPyramid.crm.BaseClassTest.BaseClass" name="@AfterSuite CloseDBConnConfigAS" time="0.0">
    <ignored/>
  </testcase> <!-- @AfterSuite CloseDBConnConfigAS -->
  <testcase classname="com.tekPyramid.crm.BaseClassTest.BaseClass" name="@BeforeSuite DataBaseConnconfigBS" time="0.0">
    <ignored/>
  </testcase> <!-- @BeforeSuite DataBaseConnconfigBS -->
  <testcase classname="com.tekPyramid.crm.BaseClassTest.BaseClass" name="@BeforeSuite DataBaseConnconfigBS" time="0.0">
    <ignored/>
  </testcase> <!-- @BeforeSuite DataBaseConnconfigBS -->
  <testcase classname="com.tekPyramid.crm.BaseClassTest.BaseClass" name="@BeforeSuite DataBaseConnconfigBS" time="0.0">
    <ignored/>
  </testcase> <!-- @BeforeSuite DataBaseConnconfigBS -->
</testsuite> <!-- Test -->
