<?xml version="1.0" encoding="UTF-8"?>
<testng-results ignored="13" total="17" passed="4" failed="0" skipped="0">
  <reporter-output>
  </reporter-output>
  <suite started-at="2025-06-14T13:13:24 IST" name="Suite" finished-at="2025-06-14T13:14:06 IST" duration-ms="41179">
    <groups>
      <group name="SmokeTesting">
        <method signature="CreateContact_Test.createContact_Test()[pri:0, instance:VtigerAllModule_Script.CreateContact_Test@5c6648b0]" name="createContact_Test" class="VtigerAllModule_Script.CreateContact_Test"/>
        <method signature="CreateOpportunities_Test.createOpportunitiesWithContact_Test()[pri:0, instance:VtigerAllModule_Script.CreateOpportunities_Test@a1153bc]" name="createOpportunitiesWithContact_Test" class="VtigerAllModule_Script.CreateOpportunities_Test"/>
        <method signature="CreateOrganization_Test.orgainzation_Test()[pri:0, instance:VtigerAllModule_Script.CreateOrganization_Test@692f203f]" name="orgainzation_Test" class="VtigerAllModule_Script.CreateOrganization_Test"/>
        <method signature="CreateProduct_Test.createProduct_Test()[pri:0, instance:VtigerAllModule_Script.CreateProduct_Test@48f2bd5b]" name="createProduct_Test" class="VtigerAllModule_Script.CreateProduct_Test"/>
      </group> <!-- SmokeTesting -->
    </groups>
    <test started-at="2025-06-14T13:13:24 IST" name="Test" finished-at="2025-06-14T13:14:06 IST" duration-ms="41179">
      <class name="VtigerAllModule_Script.CreateProduct_Test">
        <test-method is-config="true" signature="LaunchBrowserconfigBC(java.lang.String)[pri:0, instance:VtigerAllModule_Script.CreateProduct_Test@48f2bd5b]" started-at="2025-06-14T13:13:44 IST" name="LaunchBrowserconfigBC" finished-at="2025-06-14T13:13:47 IST" duration-ms="2850" status="PASS">
          <params>
            <param index="0">
              <value>
                <![CDATA[chrome]]>
              </value>
            </param>
          </params>
          <reporter-output>
          </reporter-output>
        </test-method> <!-- LaunchBrowserconfigBC -->
        <test-method is-config="true" signature="LoginconfigBM()[pri:0, instance:VtigerAllModule_Script.CreateProduct_Test@48f2bd5b]" started-at="2025-06-14T13:13:47 IST" name="LoginconfigBM" finished-at="2025-06-14T13:13:48 IST" duration-ms="1272" status="PASS">
          <reporter-output>
          </reporter-output>
        </test-method> <!-- LoginconfigBM -->
        <test-method signature="createProduct_Test()[pri:0, instance:VtigerAllModule_Script.CreateProduct_Test@48f2bd5b]" started-at="2025-06-14T13:13:48 IST" name="createProduct_Test" finished-at="2025-06-14T13:13:52 IST" duration-ms="3636" status="PASS">
          <reporter-output>
          </reporter-output>
        </test-method> <!-- createProduct_Test -->
        <test-method is-config="true" signature="LogoutconfigAM()[pri:0, instance:VtigerAllModule_Script.CreateProduct_Test@48f2bd5b]" started-at="2025-06-14T13:13:52 IST" name="LogoutconfigAM" finished-at="2025-06-14T13:13:52 IST" duration-ms="560" status="PASS">
          <reporter-output>
          </reporter-output>
        </test-method> <!-- LogoutconfigAM -->
        <test-method is-config="true" signature="CloseBrowserConfigAC()[pri:0, instance:VtigerAllModule_Script.CreateProduct_Test@48f2bd5b]" started-at="2025-06-14T13:13:52 IST" name="CloseBrowserConfigAC" finished-at="2025-06-14T13:13:53 IST" duration-ms="393" status="PASS">
          <reporter-output>
          </reporter-output>
        </test-method> <!-- CloseBrowserConfigAC -->
      </class> <!-- VtigerAllModule_Script.CreateProduct_Test -->
      <class name="VtigerAllModule_Script.CreateOrganization_Test">
        <test-method is-config="true" signature="LaunchBrowserconfigBC(java.lang.String)[pri:0, instance:VtigerAllModule_Script.CreateOrganization_Test@692f203f]" started-at="2025-06-14T13:13:35 IST" name="LaunchBrowserconfigBC" finished-at="2025-06-14T13:13:38 IST" duration-ms="2859" status="PASS">
          <params>
            <param index="0">
              <value>
                <![CDATA[chrome]]>
              </value>
            </param>
          </params>
          <reporter-output>
          </reporter-output>
        </test-method> <!-- LaunchBrowserconfigBC -->
        <test-method is-config="true" signature="LoginconfigBM()[pri:0, instance:VtigerAllModule_Script.CreateOrganization_Test@692f203f]" started-at="2025-06-14T13:13:38 IST" name="LoginconfigBM" finished-at="2025-06-14T13:13:38 IST" duration-ms="215" status="PASS">
          <reporter-output>
          </reporter-output>
        </test-method> <!-- LoginconfigBM -->
        <test-method signature="orgainzation_Test()[pri:0, instance:VtigerAllModule_Script.CreateOrganization_Test@692f203f]" started-at="2025-06-14T13:13:38 IST" name="orgainzation_Test" finished-at="2025-06-14T13:13:43 IST" duration-ms="4962" status="PASS">
          <reporter-output>
          </reporter-output>
        </test-method> <!-- orgainzation_Test -->
        <test-method is-config="true" signature="LogoutconfigAM()[pri:0, instance:VtigerAllModule_Script.CreateOrganization_Test@692f203f]" started-at="2025-06-14T13:13:43 IST" name="LogoutconfigAM" finished-at="2025-06-14T13:13:43 IST" duration-ms="561" status="PASS">
          <reporter-output>
          </reporter-output>
        </test-method> <!-- LogoutconfigAM -->
        <test-method is-config="true" signature="CloseBrowserConfigAC()[pri:0, instance:VtigerAllModule_Script.CreateOrganization_Test@692f203f]" started-at="2025-06-14T13:13:43 IST" name="CloseBrowserConfigAC" finished-at="2025-06-14T13:13:44 IST" duration-ms="391" status="PASS">
          <reporter-output>
          </reporter-output>
        </test-method> <!-- CloseBrowserConfigAC -->
      </class> <!-- VtigerAllModule_Script.CreateOrganization_Test -->
      <class name="VtigerAllModule_Script.CreateContact_Test">
        <test-method is-config="true" signature="DataBaseConnconfigBS()[pri:0, instance:VtigerAllModule_Script.CreateContact_Test@5c6648b0]" started-at="2025-06-14T13:13:24 IST" name="DataBaseConnconfigBS" finished-at="2025-06-14T13:13:24 IST" duration-ms="188" status="PASS">
          <reporter-output>
          </reporter-output>
        </test-method> <!-- DataBaseConnconfigBS -->
        <test-method is-config="true" signature="LaunchBrowserconfigBC(java.lang.String)[pri:0, instance:VtigerAllModule_Script.CreateContact_Test@5c6648b0]" started-at="2025-06-14T13:13:24 IST" name="LaunchBrowserconfigBC" finished-at="2025-06-14T13:13:29 IST" duration-ms="4169" status="PASS">
          <params>
            <param index="0">
              <value>
                <![CDATA[chrome]]>
              </value>
            </param>
          </params>
          <reporter-output>
          </reporter-output>
        </test-method> <!-- LaunchBrowserconfigBC -->
        <test-method is-config="true" signature="LoginconfigBM()[pri:0, instance:VtigerAllModule_Script.CreateContact_Test@5c6648b0]" started-at="2025-06-14T13:13:29 IST" name="LoginconfigBM" finished-at="2025-06-14T13:13:30 IST" duration-ms="1327" status="PASS">
          <reporter-output>
          </reporter-output>
        </test-method> <!-- LoginconfigBM -->
        <test-method signature="createContact_Test()[pri:0, instance:VtigerAllModule_Script.CreateContact_Test@5c6648b0]" started-at="2025-06-14T13:13:30 IST" name="createContact_Test" finished-at="2025-06-14T13:13:34 IST" duration-ms="3802" status="PASS">
          <reporter-output>
          </reporter-output>
        </test-method> <!-- createContact_Test -->
        <test-method is-config="true" signature="LogoutconfigAM()[pri:0, instance:VtigerAllModule_Script.CreateContact_Test@5c6648b0]" started-at="2025-06-14T13:13:34 IST" name="LogoutconfigAM" finished-at="2025-06-14T13:13:34 IST" duration-ms="656" status="PASS">
          <reporter-output>
          </reporter-output>
        </test-method> <!-- LogoutconfigAM -->
        <test-method is-config="true" signature="CloseBrowserConfigAC()[pri:0, instance:VtigerAllModule_Script.CreateContact_Test@5c6648b0]" started-at="2025-06-14T13:13:34 IST" name="CloseBrowserConfigAC" finished-at="2025-06-14T13:13:35 IST" duration-ms="431" status="PASS">
          <reporter-output>
          </reporter-output>
        </test-method> <!-- CloseBrowserConfigAC -->
        <test-method is-config="true" signature="CloseDBConnConfigAS()[pri:0, instance:VtigerAllModule_Script.CreateContact_Test@5c6648b0]" started-at="2025-06-14T13:14:06 IST" name="CloseDBConnConfigAS" finished-at="2025-06-14T13:14:06 IST" duration-ms="6" status="PASS">
          <reporter-output>
          </reporter-output>
        </test-method> <!-- CloseDBConnConfigAS -->
      </class> <!-- VtigerAllModule_Script.CreateContact_Test -->
      <class name="VtigerAllModule_Script.CreateOpportunities_Test">
        <test-method is-config="true" signature="LaunchBrowserconfigBC(java.lang.String)[pri:0, instance:VtigerAllModule_Script.CreateOpportunities_Test@a1153bc]" started-at="2025-06-14T13:13:53 IST" name="LaunchBrowserconfigBC" finished-at="2025-06-14T13:13:55 IST" duration-ms="2772" status="PASS">
          <params>
            <param index="0">
              <value>
                <![CDATA[chrome]]>
              </value>
            </param>
          </params>
          <reporter-output>
          </reporter-output>
        </test-method> <!-- LaunchBrowserconfigBC -->
        <test-method is-config="true" signature="LoginconfigBM()[pri:0, instance:VtigerAllModule_Script.CreateOpportunities_Test@a1153bc]" started-at="2025-06-14T13:13:55 IST" name="LoginconfigBM" finished-at="2025-06-14T13:13:56 IST" duration-ms="188" status="PASS">
          <reporter-output>
          </reporter-output>
        </test-method> <!-- LoginconfigBM -->
        <test-method signature="createOpportunitiesWithContact_Test()[pri:0, instance:VtigerAllModule_Script.CreateOpportunities_Test@a1153bc]" started-at="2025-06-14T13:13:56 IST" name="createOpportunitiesWithContact_Test" finished-at="2025-06-14T13:14:04 IST" duration-ms="8853" status="PASS">
          <reporter-output>
          </reporter-output>
        </test-method> <!-- createOpportunitiesWithContact_Test -->
        <test-method is-config="true" signature="LogoutconfigAM()[pri:0, instance:VtigerAllModule_Script.CreateOpportunities_Test@a1153bc]" started-at="2025-06-14T13:14:04 IST" name="LogoutconfigAM" finished-at="2025-06-14T13:14:05 IST" duration-ms="609" status="PASS">
          <reporter-output>
          </reporter-output>
        </test-method> <!-- LogoutconfigAM -->
        <test-method is-config="true" signature="CloseBrowserConfigAC()[pri:0, instance:VtigerAllModule_Script.CreateOpportunities_Test@a1153bc]" started-at="2025-06-14T13:14:05 IST" name="CloseBrowserConfigAC" finished-at="2025-06-14T13:14:06 IST" duration-ms="626" status="PASS">
          <reporter-output>
          </reporter-output>
        </test-method> <!-- CloseBrowserConfigAC -->
      </class> <!-- VtigerAllModule_Script.CreateOpportunities_Test -->
    </test> <!-- Test -->
  </suite> <!-- Suite -->
</testng-results>
